<?xml version="1.0" encoding="UTF-8"?>
<!-- Generated by org.testng.reporters.JUnitReportReporter -->
<testsuite hostname="PITTALA-DEV-L" failures="0" tests="1" name="testCases.AddCustormer_002" time="54.722" errors="0" timestamp="1 Jun 2022 13:32:32 GMT">
  <testcase classname="testCases.AddCustormer_002" name="AddCustormer" time="54.722"/>
</testsuite> <!-- testCases.AddCustormer_002 -->
