<?xml version="1.0" encoding="UTF-8"?>
<!-- Generated by org.testng.reporters.JUnitReportReporter -->
<testsuite hostname="PITTALA-DEV-L" failures="0" tests="1" name="testCases.Login_001" time="18.867" errors="0" timestamp="1 Jun 2022 13:32:32 GMT">
  <testcase classname="testCases.Login_001" name="LoginTest" time="18.867"/>
</testsuite> <!-- testCases.Login_001 -->
