<?xml version="1.0" encoding="UTF-8"?>
<!-- Generated by org.testng.reporters.JUnitReportReporter -->
<testsuite hostname="PITTALA-DEV-L" failures="0" tests="1" name="testCases.AddCustormer_002" time="51.256" errors="0" timestamp="3 Jun 2022 15:18:43 GMT">
  <testcase classname="testCases.AddCustormer_002" name="AddCustormer" time="51.256"/>
</testsuite> <!-- testCases.AddCustormer_002 -->
